22/03/16 12:59:30 ** --- MESSAGE BEGIN ---
22/03/16 12:59:30 ** To: alemau97@gmail.com
22/03/16 12:59:30 ** Subject: Contacto cliente
22/03/16 12:59:30 ** 
22/03/16 12:59:30 ** Nombre del cliente: 
22/03/16 12:59:30 ** Correo: 
22/03/16 12:59:30 ** Mensaje: <br>
22/03/16 12:59:30 ** --- MESSAGE END ---
22/03/16 12:59:30 ** Message is missing sender's address
22/03/16 12:59:39 ** --- MESSAGE BEGIN ---
22/03/16 12:59:39 ** To: alemau97@gmail.com
22/03/16 12:59:39 ** Subject: Contacto cliente
22/03/16 12:59:39 ** 
22/03/16 12:59:39 ** Nombre del cliente: Mauricio Alejandro Martínez Nerio
22/03/16 12:59:39 ** Correo: mauriciomn@hotmail.es
22/03/16 12:59:39 ** Mensaje: Este es un comentario de prueba<br>
22/03/16 12:59:39 ** --- MESSAGE END ---
22/03/16 12:59:39 ** Message is missing sender's address
22/03/16 13:00:09 ** --- MESSAGE BEGIN ---
22/03/16 13:00:09 ** To: alemau97@gmail.com
22/03/16 13:00:09 ** Subject: Contacto cliente
22/03/16 13:00:09 ** 
22/03/16 13:00:09 ** Nombre del cliente: Mauricio Alejandro Martínez Nerio
22/03/16 13:00:09 ** Correo: mauriciomn@hotmail.es
22/03/16 13:00:09 ** Mensaje: Este es un comentario de prueba<br>
22/03/16 13:00:09 ** --- MESSAGE END ---
22/03/16 13:00:09 ** Message is missing sender's address
22/03/16 13:05:34 ** --- MESSAGE BEGIN ---
22/03/16 13:05:34 ** To: alemau97@gmail.com
22/03/16 13:05:34 ** Subject: Contacto cliente
22/03/16 13:05:34 ** 
22/03/16 13:05:34 ** Nombre del cliente: 
22/03/16 13:05:34 ** Correo: 
22/03/16 13:05:34 ** Mensaje: <br>
22/03/16 13:05:34 ** --- MESSAGE END ---
22/03/16 13:05:34 ** Message is missing sender's address
22/03/16 13:05:38 ** --- MESSAGE BEGIN ---
22/03/16 13:05:38 ** To: alemau97@gmail.com
22/03/16 13:05:38 ** Subject: Contacto cliente
22/03/16 13:05:38 ** 
22/03/16 13:05:38 ** Nombre del cliente: 
22/03/16 13:05:38 ** Correo: 
22/03/16 13:05:38 ** Mensaje: <br>
22/03/16 13:05:38 ** --- MESSAGE END ---
22/03/16 13:05:38 ** Message is missing sender's address
22/03/16 13:05:43 ** --- MESSAGE BEGIN ---
22/03/16 13:05:43 ** To: alemau97@gmail.com
22/03/16 13:05:43 ** Subject: Contacto cliente
22/03/16 13:05:43 ** 
22/03/16 13:05:43 ** Nombre del cliente: Alejandro
22/03/16 13:05:43 ** Correo: mauriciomn@hotmail.es
22/03/16 13:05:43 ** Mensaje: Este es un comentario de prueba<br>
22/03/16 13:05:43 ** --- MESSAGE END ---
22/03/16 13:05:43 ** Message is missing sender's address
22/03/16 13:06:05 ** --- MESSAGE BEGIN ---
22/03/16 13:06:05 ** To: alemau97@gmail.com
22/03/16 13:06:05 ** Subject: Contacto cliente
22/03/16 13:06:05 ** 
22/03/16 13:06:05 ** Nombre del cliente: Mauricio Alejandro Martínez Nerio
22/03/16 13:06:05 ** Correo: alemau97@gmail.com
22/03/16 13:06:05 ** Mensaje: Este es un comentario de prueba<br>
22/03/16 13:06:05 ** --- MESSAGE END ---
22/03/16 13:06:05 ** Message is missing sender's address
22/03/16 13:18:09 ** --- MESSAGE BEGIN ---
22/03/16 13:18:09 ** To: alemau97@gmail.com
22/03/16 13:18:09 ** Subject: Contacto cliente
22/03/16 13:18:09 ** 
22/03/16 13:18:09 ** Nombre del cliente: Mauricio Alejandro Martínez Nerio
22/03/16 13:18:09 ** Correo: alemau97@gmail.com
22/03/16 13:18:09 ** Mensaje: Este es un comentario de prueba<br>
22/03/16 13:18:09 ** --- MESSAGE END ---
22/03/16 13:18:09 ** Message is missing sender's address
22/03/16 13:18:20 ** --- MESSAGE BEGIN ---
22/03/16 13:18:20 ** To: alemau97@gmail.com
22/03/16 13:18:20 ** Subject: Contacto cliente
22/03/16 13:18:20 ** 
22/03/16 13:18:20 ** Nombre del cliente: Alejandro
22/03/16 13:18:20 ** Correo: mauriciomn@hotmail.es
22/03/16 13:18:20 ** Mensaje: Este es un comentario de prueba<br>
22/03/16 13:18:20 ** --- MESSAGE END ---
22/03/16 13:18:20 ** Message is missing sender's address
22/03/16 13:18:26 ** --- MESSAGE BEGIN ---
22/03/16 13:18:26 ** To: alemau97@gmail.com
22/03/16 13:18:26 ** Subject: Contacto cliente
22/03/16 13:18:26 ** 
22/03/16 13:18:26 ** Nombre del cliente: Alejandro
22/03/16 13:18:26 ** Correo: mauriciomn@hotmail.es
22/03/16 13:18:26 ** Mensaje: Este es un comentario de prueba<br>
22/03/16 13:18:26 ** --- MESSAGE END ---
22/03/16 13:18:26 ** Message is missing sender's address
22/03/16 13:18:34 ** --- MESSAGE BEGIN ---
22/03/16 13:18:34 ** To: alemau97@gmail.com
22/03/16 13:18:34 ** Subject: Contacto cliente
22/03/16 13:18:34 ** 
22/03/16 13:18:34 ** Nombre del cliente: Mauricio Alejandro Martínez Nerio
22/03/16 13:18:34 ** Correo: mauriciomn@hotmail.es
22/03/16 13:18:34 ** Mensaje: Este es un comentario de prueba<br>
22/03/16 13:18:34 ** --- MESSAGE END ---
22/03/16 13:18:34 ** Message is missing sender's address
22/03/18 20:11:17 ** --- MESSAGE BEGIN ---
22/03/18 20:11:17 ** To: soportesistemadecatastro@gmail.com
22/03/18 20:11:17 ** Subject: Contacto Cliente
22/03/18 20:11:17 ** From: soportesistemadecatastro@gmail.com
22/03/18 20:11:17 ** Reply-to: soportesistemadecatastro@gmail.com
22/03/18 20:11:17 ** X-Mailer: PHP/7.4.26
22/03/18 20:11:17 ** 
22/03/18 20:11:17 ** Nombre del cliente: Mauricio Alejandro Martínez Nerio
22/03/18 20:11:17 ** Correo: mauriciomn@hotmail.es
22/03/18 20:11:17 ** Mensaje: Este es un comentario de prueba<br>
22/03/18 20:11:17 ** --- MESSAGE END ---
22/03/18 20:11:18 ** Connecting to smtp.gmail.com:587
22/03/18 20:11:18 ** Connected.
22/03/18 20:11:18 << 220 smtp.gmail.com ESMTP c20-20020a05622a059400b002e1d59e68f3sm6937997qtb.48 - gsmtp<EOL>
22/03/18 20:11:18 >> EHLO DESKTOP-6GN1HFE<EOL>
22/03/18 20:11:18 << 250-smtp.gmail.com at your service, [190.62.48.125]<EOL>250-SIZE 35882577<EOL>250-8BITMIME<EOL>250-STARTTLS<EOL>250-ENHANCEDSTATUSCODES<EOL>250-PIPELINING<EOL>250-CHUNKING<EOL>250 SMTPUTF8<EOL>
22/03/18 20:11:18 ** Authenticating as soportesistemadecatastro@gmail.com
22/03/18 20:11:18 >> STARTTLS<EOL>
22/03/18 20:11:18 << 220 2.0.0 Ready to start TLS<EOL>
22/03/18 20:11:18 >> EHLO DESKTOP-6GN1HFE<EOL>
22/03/18 20:11:18 << 250-smtp.gmail.com at your service, [190.62.48.125]<EOL>250-SIZE 35882577<EOL>250-8BITMIME<EOL>250-AUTH LOGIN PLAIN XOAUTH2 PLAIN-CLIENTTOKEN OAUTHBEARER XOAUTH<EOL>250-ENHANCEDSTATUSCODES<EOL>250-PIPELINING<EOL>250-CHUNKING<EOL>250 SMTPUTF8<EOL>
22/03/18 20:11:18 >> AUTH LOGIN<EOL>
22/03/18 20:11:18 << 334 VXNlcm5hbWU6<EOL>
22/03/18 20:11:18 >> c29wb3J0ZXNpc3RlbWFkZWNhdGFzdHJvQGdtYWlsLmNvbQ==<EOL>
22/03/18 20:11:18 << 334 UGFzc3dvcmQ6<EOL>
22/03/18 20:11:18 >> U2lzdGVtYURlQ2F0YXN0cm8yMDIy<EOL>
22/03/18 20:11:19 << 235 2.7.0 Accepted<EOL>
22/03/18 20:11:19 >> MAIL FROM: <soportesistemadecatastro@gmail.com><EOL>
22/03/18 20:11:19 << 250 2.1.0 OK c20-20020a05622a059400b002e1d59e68f3sm6937997qtb.48 - gsmtp<EOL>
22/03/18 20:11:19 >> RCPT TO: <soportesistemadecatastro@gmail.com><EOL>
22/03/18 20:11:19 << 250 2.1.5 OK c20-20020a05622a059400b002e1d59e68f3sm6937997qtb.48 - gsmtp<EOL>
22/03/18 20:11:19 >> DATA<EOL>
22/03/18 20:11:19 << 354  Go ahead c20-20020a05622a059400b002e1d59e68f3sm6937997qtb.48 - gsmtp<EOL>
22/03/18 20:11:19 >> Date: Fri, 18 Mar 2022 20:11:19 -0600<EOL>
22/03/18 20:11:19 >> To: soportesistemadecatastro@gmail.com<EOL>
22/03/18 20:11:19 >> Subject: Contacto Cliente<EOL>
22/03/18 20:11:19 >> From: soportesistemadecatastro@gmail.com<EOL>
22/03/18 20:11:19 >> Reply-to: soportesistemadecatastro@gmail.com<EOL>
22/03/18 20:11:19 >> X-Mailer: PHP/7.4.26<EOL>
22/03/18 20:11:19 >> <EOL>
22/03/18 20:11:19 >> Nombre del cliente: Mauricio Alejandro Martínez Nerio<EOL>
22/03/18 20:11:19 >> Correo: mauriciomn@hotmail.es<EOL>
22/03/18 20:11:19 >> Mensaje: Este es un comentario de prueba<br><EOL>
22/03/18 20:11:19 >> .<EOL>
22/03/18 20:11:20 << 250 2.0.0 OK  1647655872 c20-20020a05622a059400b002e1d59e68f3sm6937997qtb.48 - gsmtp<EOL>
22/03/18 20:11:20 >> QUIT<EOL>
22/03/18 20:11:20 << 221 2.0.0 closing connection c20-20020a05622a059400b002e1d59e68f3sm6937997qtb.48 - gsmtp<EOL>
22/03/18 20:11:20 ** Disconnected.
22/03/18 20:11:20 ** Disconnected.
22/03/18 20:11:20 ** Disconnected.
22/03/18 20:14:15 ** --- MESSAGE BEGIN ---
22/03/18 20:14:15 ** To: soportesistemadecatastro@gmail.com
22/03/18 20:14:16 ** Subject: Contacto Cliente
22/03/18 20:14:16 ** From: soportesistemadecatastro@gmail.com
22/03/18 20:14:16 ** Reply-to: soportesistemadecatastro@gmail.com
22/03/18 20:14:16 ** X-Mailer: PHP/7.4.26
22/03/18 20:14:16 ** 
22/03/18 20:14:16 ** Nombre del cliente: Mauricio Alejandro Martínez Nerio
22/03/18 20:14:16 ** Correo: mauriciomn@hotmail.es
22/03/18 20:14:16 ** Mensaje: Este es un comentario de prueba<br>
22/03/18 20:14:16 ** --- MESSAGE END ---
22/03/18 20:14:16 ** Connecting to smtp.gmail.com:587
22/03/18 20:14:16 ** Connected.
22/03/18 20:14:16 << 220 smtp.gmail.com ESMTP y196-20020a3764cd000000b0067d51bbacdfsm4753177qkb.107 - gsmtp<EOL>
22/03/18 20:14:16 >> EHLO DESKTOP-6GN1HFE<EOL>
22/03/18 20:14:16 << 250-smtp.gmail.com at your service, [190.62.48.125]<EOL>250-SIZE 35882577<EOL>250-8BITMIME<EOL>250-STARTTLS<EOL>250-ENHANCEDSTATUSCODES<EOL>250-PIPELINING<EOL>250-CHUNKING<EOL>250 SMTPUTF8<EOL>
22/03/18 20:14:16 ** Authenticating as soportesistemadecatastro@gmail.com
22/03/18 20:14:16 >> STARTTLS<EOL>
22/03/18 20:14:16 << 220 2.0.0 Ready to start TLS<EOL>
22/03/18 20:14:16 >> EHLO DESKTOP-6GN1HFE<EOL>
22/03/18 20:14:16 << 250-smtp.gmail.com at your service, [190.62.48.125]<EOL>250-SIZE 35882577<EOL>250-8BITMIME<EOL>250-AUTH LOGIN PLAIN XOAUTH2 PLAIN-CLIENTTOKEN OAUTHBEARER XOAUTH<EOL>250-ENHANCEDSTATUSCODES<EOL>250-PIPELINING<EOL>250-CHUNKING<EOL>250 SMTPUTF8<EOL>
22/03/18 20:14:16 >> AUTH LOGIN<EOL>
22/03/18 20:14:16 << 334 VXNlcm5hbWU6<EOL>
22/03/18 20:14:16 >> c29wb3J0ZXNpc3RlbWFkZWNhdGFzdHJvQGdtYWlsLmNvbQ==<EOL>
22/03/18 20:14:16 << 334 UGFzc3dvcmQ6<EOL>
22/03/18 20:14:16 >> U2lzdGVtYURlQ2F0YXN0cm8yMDIy<EOL>
22/03/18 20:14:17 << 235 2.7.0 Accepted<EOL>
22/03/18 20:14:17 >> MAIL FROM: <soportesistemadecatastro@gmail.com><EOL>
22/03/18 20:14:17 << 250 2.1.0 OK y196-20020a3764cd000000b0067d51bbacdfsm4753177qkb.107 - gsmtp<EOL>
22/03/18 20:14:17 >> RCPT TO: <soportesistemadecatastro@gmail.com><EOL>
22/03/18 20:14:17 << 250 2.1.5 OK y196-20020a3764cd000000b0067d51bbacdfsm4753177qkb.107 - gsmtp<EOL>
22/03/18 20:14:17 >> DATA<EOL>
22/03/18 20:14:17 << 354  Go ahead y196-20020a3764cd000000b0067d51bbacdfsm4753177qkb.107 - gsmtp<EOL>
22/03/18 20:14:17 >> Date: Fri, 18 Mar 2022 20:14:17 -0600<EOL>
22/03/18 20:14:17 >> To: soportesistemadecatastro@gmail.com<EOL>
22/03/18 20:14:17 >> Subject: Contacto Cliente<EOL>
22/03/18 20:14:17 >> From: soportesistemadecatastro@gmail.com<EOL>
22/03/18 20:14:17 >> Reply-to: soportesistemadecatastro@gmail.com<EOL>
22/03/18 20:14:17 >> X-Mailer: PHP/7.4.26<EOL>
22/03/18 20:14:17 >> <EOL>
22/03/18 20:14:17 >> Nombre del cliente: Mauricio Alejandro Martínez Nerio<EOL>
22/03/18 20:14:17 >> Correo: mauriciomn@hotmail.es<EOL>
22/03/18 20:14:17 >> Mensaje: Este es un comentario de prueba<br><EOL>
22/03/18 20:14:17 >> .<EOL>
22/03/18 20:14:17 << 250 2.0.0 OK  1647656050 y196-20020a3764cd000000b0067d51bbacdfsm4753177qkb.107 - gsmtp<EOL>
22/03/18 20:14:17 >> QUIT<EOL>
22/03/18 20:14:17 << 221 2.0.0 closing connection y196-20020a3764cd000000b0067d51bbacdfsm4753177qkb.107 - gsmtp<EOL>
22/03/18 20:14:17 ** Disconnected.
22/03/18 20:14:17 ** Disconnected.
22/03/18 20:14:17 ** Disconnected.
22/03/18 20:41:23 ** --- MESSAGE BEGIN ---
22/03/18 20:41:23 ** To: soportesistemadecatastro@gmail.com
22/03/18 20:41:23 ** Subject: Contacto Cliente
22/03/18 20:41:23 ** From: soportesistemadecatastro@gmail.com
22/03/18 20:41:23 ** Reply-to: soportesistemadecatastro@gmail.com
22/03/18 20:41:23 ** X-Mailer: PHP/7.4.26
22/03/18 20:41:23 ** 
22/03/18 20:41:23 ** Nombre del cliente: Mauricio Alejandro Martínez Nerio
22/03/18 20:41:23 ** Correo: mauriciomn@hotmail.es
22/03/18 20:41:23 ** Mensaje: Este es un comentario de prueba<br>
22/03/18 20:41:23 ** --- MESSAGE END ---
22/03/18 20:41:23 ** Connecting to smtp.gmail.com:587
22/03/18 20:41:24 ** Connected.
22/03/18 20:41:24 << 220 smtp.gmail.com ESMTP 11-20020ac8590b000000b002e1e5c5c866sm7137667qty.42 - gsmtp<EOL>
22/03/18 20:41:24 >> EHLO DESKTOP-6GN1HFE<EOL>
22/03/18 20:41:24 << 250-smtp.gmail.com at your service, [190.62.48.125]<EOL>250-SIZE 35882577<EOL>250-8BITMIME<EOL>250-STARTTLS<EOL>250-ENHANCEDSTATUSCODES<EOL>250-PIPELINING<EOL>250-CHUNKING<EOL>250 SMTPUTF8<EOL>
22/03/18 20:41:24 ** Authenticating as soportesistemadecatastro@gmail.com
22/03/18 20:41:24 >> STARTTLS<EOL>
22/03/18 20:41:24 << 220 2.0.0 Ready to start TLS<EOL>
22/03/18 20:41:24 >> EHLO DESKTOP-6GN1HFE<EOL>
22/03/18 20:41:24 << 250-smtp.gmail.com at your service, [190.62.48.125]<EOL>250-SIZE 35882577<EOL>250-8BITMIME<EOL>250-AUTH LOGIN PLAIN XOAUTH2 PLAIN-CLIENTTOKEN OAUTHBEARER XOAUTH<EOL>250-ENHANCEDSTATUSCODES<EOL>250-PIPELINING<EOL>250-CHUNKING<EOL>250 SMTPUTF8<EOL>
22/03/18 20:41:24 >> AUTH LOGIN<EOL>
22/03/18 20:41:24 << 334 VXNlcm5hbWU6<EOL>
22/03/18 20:41:24 >> c29wb3J0ZXNpc3RlbWFkZWNhdGFzdHJvQGdtYWlsLmNvbQ==<EOL>
22/03/18 20:41:24 << 334 UGFzc3dvcmQ6<EOL>
22/03/18 20:41:24 >> U2lzdGVtYURlQ2F0YXN0cm8yMDIy<EOL>
22/03/18 20:41:24 << 235 2.7.0 Accepted<EOL>
22/03/18 20:41:24 >> MAIL FROM: <soportesistemadecatastro@gmail.com><EOL>
22/03/18 20:41:25 << 250 2.1.0 OK 11-20020ac8590b000000b002e1e5c5c866sm7137667qty.42 - gsmtp<EOL>
22/03/18 20:41:25 >> RCPT TO: <soportesistemadecatastro@gmail.com><EOL>
22/03/18 20:41:25 << 250 2.1.5 OK 11-20020ac8590b000000b002e1e5c5c866sm7137667qty.42 - gsmtp<EOL>
22/03/18 20:41:25 >> DATA<EOL>
22/03/18 20:41:25 << 354  Go ahead 11-20020ac8590b000000b002e1e5c5c866sm7137667qty.42 - gsmtp<EOL>
22/03/18 20:41:25 >> Date: Fri, 18 Mar 2022 20:41:25 -0600<EOL>
22/03/18 20:41:25 >> To: soportesistemadecatastro@gmail.com<EOL>
22/03/18 20:41:25 >> Subject: Contacto Cliente<EOL>
22/03/18 20:41:25 >> From: soportesistemadecatastro@gmail.com<EOL>
22/03/18 20:41:25 >> Reply-to: soportesistemadecatastro@gmail.com<EOL>
22/03/18 20:41:25 >> X-Mailer: PHP/7.4.26<EOL>
22/03/18 20:41:25 >> <EOL>
22/03/18 20:41:25 >> Nombre del cliente: Mauricio Alejandro Martínez Nerio<EOL>
22/03/18 20:41:25 >> Correo: mauriciomn@hotmail.es<EOL>
22/03/18 20:41:25 >> Mensaje: Este es un comentario de prueba<br><EOL>
22/03/18 20:41:25 >> .<EOL>
22/03/18 20:41:25 << 250 2.0.0 OK  1647657685 11-20020ac8590b000000b002e1e5c5c866sm7137667qty.42 - gsmtp<EOL>
22/03/18 20:41:25 >> QUIT<EOL>
22/03/18 20:41:25 << 221 2.0.0 closing connection 11-20020ac8590b000000b002e1e5c5c866sm7137667qty.42 - gsmtp<EOL>
22/03/18 20:41:25 ** Disconnected.
22/03/18 20:41:25 ** Disconnected.
22/03/18 20:41:25 ** Disconnected.
22/03/18 21:08:04 ** --- MESSAGE BEGIN ---
22/03/18 21:08:04 ** To: LISHuelic@gmail.com
22/03/18 21:08:04 ** Subject: Contacto Cliente
22/03/18 21:08:04 ** From: Clientes Restaurante
22/03/18 21:08:04 ** Reply-to: Clientes Restaurante
22/03/18 21:08:04 ** X-Mailer: PHP/7.4.26
22/03/18 21:08:04 ** 
22/03/18 21:08:04 ** Nombre del cliente: Mauricio Alejandro Martínez Nerio
22/03/18 21:08:04 ** Correo: mauriciomn@hotmail.es
22/03/18 21:08:04 ** Mensaje: Este es un comentario de prueba<br>
22/03/18 21:08:04 ** --- MESSAGE END ---
22/03/18 21:08:04 ** Connecting to smtp.gmail.com:587
22/03/18 21:08:04 ** Connected.
22/03/18 21:08:04 << 220 smtp.gmail.com ESMTP l18-20020a05622a051200b002e1e5e57e0csm7272358qtx.11 - gsmtp<EOL>
22/03/18 21:08:04 >> EHLO DESKTOP-6GN1HFE<EOL>
22/03/18 21:08:04 << 250-smtp.gmail.com at your service, [190.62.48.125]<EOL>250-SIZE 35882577<EOL>250-8BITMIME<EOL>250-STARTTLS<EOL>250-ENHANCEDSTATUSCODES<EOL>250-PIPELINING<EOL>250-CHUNKING<EOL>250 SMTPUTF8<EOL>
22/03/18 21:08:04 ** Authenticating as LISHuelic@gmail.com
22/03/18 21:08:04 >> STARTTLS<EOL>
22/03/18 21:08:04 << 220 2.0.0 Ready to start TLS<EOL>
22/03/18 21:08:05 >> EHLO DESKTOP-6GN1HFE<EOL>
22/03/18 21:08:05 << 250-smtp.gmail.com at your service, [190.62.48.125]<EOL>250-SIZE 35882577<EOL>250-8BITMIME<EOL>250-AUTH LOGIN PLAIN XOAUTH2 PLAIN-CLIENTTOKEN OAUTHBEARER XOAUTH<EOL>250-ENHANCEDSTATUSCODES<EOL>250-PIPELINING<EOL>250-CHUNKING<EOL>250 SMTPUTF8<EOL>
22/03/18 21:08:05 >> AUTH LOGIN<EOL>
22/03/18 21:08:05 << 334 VXNlcm5hbWU6<EOL>
22/03/18 21:08:05 >> TElTSHVlbGljQGdtYWlsLmNvbQ==<EOL>
22/03/18 21:08:05 << 334 UGFzc3dvcmQ6<EOL>
22/03/18 21:08:05 >> U2lzdGVtYURlUmVnaXN0cm9MSVM=<EOL>
22/03/18 21:08:05 << 235 2.7.0 Accepted<EOL>
22/03/18 21:08:05 >> MAIL FROM: <LISHuelic@gmail.com><EOL>
22/03/18 21:08:05 << 250 2.1.0 OK l18-20020a05622a051200b002e1e5e57e0csm7272358qtx.11 - gsmtp<EOL>
22/03/18 21:08:05 >> RCPT TO: <LISHuelic@gmail.com><EOL>
22/03/18 21:08:05 << 250 2.1.5 OK l18-20020a05622a051200b002e1e5e57e0csm7272358qtx.11 - gsmtp<EOL>
22/03/18 21:08:05 >> DATA<EOL>
22/03/18 21:08:05 << 354  Go ahead l18-20020a05622a051200b002e1e5e57e0csm7272358qtx.11 - gsmtp<EOL>
22/03/18 21:08:05 >> Date: Fri, 18 Mar 2022 21:08:05 -0600<EOL>
22/03/18 21:08:05 >> To: LISHuelic@gmail.com<EOL>
22/03/18 21:08:05 >> Subject: Contacto Cliente<EOL>
22/03/18 21:08:05 >> From: Clientes Restaurante<EOL>
22/03/18 21:08:05 >> Reply-to: Clientes Restaurante<EOL>
22/03/18 21:08:05 >> X-Mailer: PHP/7.4.26<EOL>
22/03/18 21:08:05 >> <EOL>
22/03/18 21:08:05 >> Nombre del cliente: Mauricio Alejandro Martínez Nerio<EOL>
22/03/18 21:08:05 >> Correo: mauriciomn@hotmail.es<EOL>
22/03/18 21:08:05 >> Mensaje: Este es un comentario de prueba<br><EOL>
22/03/18 21:08:05 >> .<EOL>
22/03/18 21:08:06 << 250 2.0.0 OK  1647659286 l18-20020a05622a051200b002e1e5e57e0csm7272358qtx.11 - gsmtp<EOL>
22/03/18 21:08:06 >> QUIT<EOL>
22/03/18 21:08:06 << 221 2.0.0 closing connection l18-20020a05622a051200b002e1e5e57e0csm7272358qtx.11 - gsmtp<EOL>
22/03/18 21:08:06 ** Disconnected.
22/03/18 21:08:06 ** Disconnected.
22/03/18 21:08:06 ** Disconnected.
22/03/18 21:08:40 ** --- MESSAGE BEGIN ---
22/03/18 21:08:40 ** To: LISHuelic@gmail.com
22/03/18 21:08:40 ** Subject: Contacto Cliente
22/03/18 21:08:40 ** From: Clientes Restaurante
22/03/18 21:08:40 ** Reply-to: Clientes Restaurante
22/03/18 21:08:40 ** X-Mailer: PHP/7.4.26
22/03/18 21:08:40 ** 
22/03/18 21:08:40 ** Nombre del cliente: Alejandro
22/03/18 21:08:40 ** Correo: alemau97@gmail.com
22/03/18 21:08:40 ** Mensaje: Esta es una prueba para verificar el funcionamiento del formulario de contacto<br>
22/03/18 21:08:40 ** --- MESSAGE END ---
22/03/18 21:08:41 ** Connecting to smtp.gmail.com:587
22/03/18 21:08:41 ** Connected.
22/03/18 21:08:41 << 220 smtp.gmail.com ESMTP b2-20020ac87fc2000000b002e1b9ddb629sm6889888qtk.47 - gsmtp<EOL>
22/03/18 21:08:41 >> EHLO DESKTOP-6GN1HFE<EOL>
22/03/18 21:08:41 << 250-smtp.gmail.com at your service, [190.62.48.125]<EOL>250-SIZE 35882577<EOL>250-8BITMIME<EOL>250-STARTTLS<EOL>250-ENHANCEDSTATUSCODES<EOL>250-PIPELINING<EOL>250-CHUNKING<EOL>250 SMTPUTF8<EOL>
22/03/18 21:08:41 ** Authenticating as LISHuelic@gmail.com
22/03/18 21:08:41 >> STARTTLS<EOL>
22/03/18 21:08:41 << 220 2.0.0 Ready to start TLS<EOL>
22/03/18 21:08:41 >> EHLO DESKTOP-6GN1HFE<EOL>
22/03/18 21:08:41 << 250-smtp.gmail.com at your service, [190.62.48.125]<EOL>250-SIZE 35882577<EOL>250-8BITMIME<EOL>250-AUTH LOGIN PLAIN XOAUTH2 PLAIN-CLIENTTOKEN OAUTHBEARER XOAUTH<EOL>250-ENHANCEDSTATUSCODES<EOL>250-PIPELINING<EOL>250-CHUNKING<EOL>250 SMTPUTF8<EOL>
22/03/18 21:08:41 >> AUTH LOGIN<EOL>
22/03/18 21:08:41 << 334 VXNlcm5hbWU6<EOL>
22/03/18 21:08:41 >> TElTSHVlbGljQGdtYWlsLmNvbQ==<EOL>
22/03/18 21:08:41 << 334 UGFzc3dvcmQ6<EOL>
22/03/18 21:08:41 >> U2lzdGVtYURlUmVnaXN0cm9MSVM=<EOL>
22/03/18 21:08:42 << 235 2.7.0 Accepted<EOL>
22/03/18 21:08:42 >> MAIL FROM: <LISHuelic@gmail.com><EOL>
22/03/18 21:08:42 << 250 2.1.0 OK b2-20020ac87fc2000000b002e1b9ddb629sm6889888qtk.47 - gsmtp<EOL>
22/03/18 21:08:42 >> RCPT TO: <LISHuelic@gmail.com><EOL>
22/03/18 21:08:42 << 250 2.1.5 OK b2-20020ac87fc2000000b002e1b9ddb629sm6889888qtk.47 - gsmtp<EOL>
22/03/18 21:08:42 >> DATA<EOL>
22/03/18 21:08:42 << 354  Go ahead b2-20020ac87fc2000000b002e1b9ddb629sm6889888qtk.47 - gsmtp<EOL>
22/03/18 21:08:42 >> Date: Fri, 18 Mar 2022 21:08:42 -0600<EOL>
22/03/18 21:08:42 >> To: LISHuelic@gmail.com<EOL>
22/03/18 21:08:42 >> Subject: Contacto Cliente<EOL>
22/03/18 21:08:42 >> From: Clientes Restaurante<EOL>
22/03/18 21:08:42 >> Reply-to: Clientes Restaurante<EOL>
22/03/18 21:08:42 >> X-Mailer: PHP/7.4.26<EOL>
22/03/18 21:08:42 >> <EOL>
22/03/18 21:08:42 >> Nombre del cliente: Alejandro<EOL>
22/03/18 21:08:42 >> Correo: alemau97@gmail.com<EOL>
22/03/18 21:08:42 >> Mensaje: Esta es una prueba para verificar el funcionamiento del formulario de contacto<br><EOL>
22/03/18 21:08:42 >> .<EOL>
22/03/18 21:08:43 << 250 2.0.0 OK  1647659322 b2-20020ac87fc2000000b002e1b9ddb629sm6889888qtk.47 - gsmtp<EOL>
22/03/18 21:08:43 >> QUIT<EOL>
22/03/18 21:08:43 << 221 2.0.0 closing connection b2-20020ac87fc2000000b002e1b9ddb629sm6889888qtk.47 - gsmtp<EOL>
22/03/18 21:08:43 ** Disconnected.
22/03/18 21:08:43 ** Disconnected.
22/03/18 21:08:43 ** Disconnected.
